<?xml version="1.0" encoding="UTF-8"?>
<testsuite name="com.shopvintage.configserver.ConfigServerApplicationTests" tests="1" skipped="0" failures="0" errors="0" timestamp="2021-02-23T22:56:06" hostname="Alfredos-MacBook-Pro.local" time="0.55">
  <properties/>
  <testcase name="contextLoads()" classname="com.shopvintage.configserver.ConfigServerApplicationTests" time="0.55"/>
  <system-out><![CDATA[17:56:02.072 [Test worker] DEBUG org.springframework.test.context.BootstrapUtils - Instantiating CacheAwareContextLoaderDelegate from class [org.springframework.test.context.cache.DefaultCacheAwareContextLoaderDelegate]
17:56:02.087 [Test worker] DEBUG org.springframework.test.context.BootstrapUtils - Instantiating BootstrapContext using constructor [public org.springframework.test.context.support.DefaultBootstrapContext(java.lang.Class,org.springframework.test.context.CacheAwareContextLoaderDelegate)]
17:56:02.124 [Test worker] DEBUG org.springframework.test.context.BootstrapUtils - Instantiating TestContextBootstrapper for test class [com.shopvintage.configserver.ConfigServerApplicationTests] from class [org.springframework.boot.test.context.SpringBootTestContextBootstrapper]
17:56:02.137 [Test worker] INFO org.springframework.boot.test.context.SpringBootTestContextBootstrapper - Neither @ContextConfiguration nor @ContextHierarchy found for test class [com.shopvintage.configserver.ConfigServerApplicationTests], using SpringBootContextLoader
17:56:02.142 [Test worker] DEBUG org.springframework.test.context.support.AbstractContextLoader - Did not detect default resource location for test class [com.shopvintage.configserver.ConfigServerApplicationTests]: class path resource [com/shopvintage/configserver/ConfigServerApplicationTests-context.xml] does not exist
17:56:02.143 [Test worker] DEBUG org.springframework.test.context.support.AbstractContextLoader - Did not detect default resource location for test class [com.shopvintage.configserver.ConfigServerApplicationTests]: class path resource [com/shopvintage/configserver/ConfigServerApplicationTestsContext.groovy] does not exist
17:56:02.143 [Test worker] INFO org.springframework.test.context.support.AbstractContextLoader - Could not detect default resource locations for test class [com.shopvintage.configserver.ConfigServerApplicationTests]: no resource found for suffixes {-context.xml, Context.groovy}.
17:56:02.144 [Test worker] INFO org.springframework.test.context.support.AnnotationConfigContextLoaderUtils - Could not detect default configuration classes for test class [com.shopvintage.configserver.ConfigServerApplicationTests]: ConfigServerApplicationTests does not declare any static, non-private, non-final, nested classes annotated with @Configuration.
17:56:02.206 [Test worker] DEBUG org.springframework.test.context.support.ActiveProfilesUtils - Could not find an 'annotation declaring class' for annotation type [org.springframework.test.context.ActiveProfiles] and class [com.shopvintage.configserver.ConfigServerApplicationTests]
17:56:02.278 [Test worker] DEBUG org.springframework.context.annotation.ClassPathScanningCandidateComponentProvider - Identified candidate component class: file [/Users/alfredobenaute/bootcamp/bootcamp-shopvintage-configserver/build/classes/java/main/com/shopvintage/configserver/ConfigServerApplication.class]
17:56:02.279 [Test worker] INFO org.springframework.boot.test.context.SpringBootTestContextBootstrapper - Found @SpringBootConfiguration com.shopvintage.configserver.ConfigServerApplication for test class com.shopvintage.configserver.ConfigServerApplicationTests
17:56:02.396 [Test worker] DEBUG org.springframework.boot.test.context.SpringBootTestContextBootstrapper - @TestExecutionListeners is not present for class [com.shopvintage.configserver.ConfigServerApplicationTests]: using defaults.
17:56:02.397 [Test worker] INFO org.springframework.boot.test.context.SpringBootTestContextBootstrapper - Loaded default TestExecutionListener class names from location [META-INF/spring.factories]: [org.springframework.boot.test.autoconfigure.restdocs.RestDocsTestExecutionListener, org.springframework.boot.test.autoconfigure.web.client.MockRestServiceServerResetTestExecutionListener, org.springframework.boot.test.autoconfigure.web.servlet.MockMvcPrintOnlyOnFailureTestExecutionListener, org.springframework.boot.test.autoconfigure.web.servlet.WebDriverTestExecutionListener, org.springframework.boot.test.autoconfigure.webservices.client.MockWebServiceServerTestExecutionListener, org.springframework.boot.test.mock.mockito.MockitoTestExecutionListener, org.springframework.boot.test.mock.mockito.ResetMocksTestExecutionListener, org.springframework.test.context.web.ServletTestExecutionListener, org.springframework.test.context.support.DirtiesContextBeforeModesTestExecutionListener, org.springframework.test.context.event.ApplicationEventsTestExecutionListener, org.springframework.test.context.support.DependencyInjectionTestExecutionListener, org.springframework.test.context.support.DirtiesContextTestExecutionListener, org.springframework.test.context.transaction.TransactionalTestExecutionListener, org.springframework.test.context.jdbc.SqlScriptsTestExecutionListener, org.springframework.test.context.event.EventPublishingTestExecutionListener]
17:56:02.414 [Test worker] DEBUG org.springframework.boot.test.context.SpringBootTestContextBootstrapper - Skipping candidate TestExecutionListener [org.springframework.test.context.transaction.TransactionalTestExecutionListener] due to a missing dependency. Specify custom listener classes or make the default listener classes and their required dependencies available. Offending class: [org/springframework/transaction/interceptor/TransactionAttributeSource]
17:56:02.415 [Test worker] DEBUG org.springframework.boot.test.context.SpringBootTestContextBootstrapper - Skipping candidate TestExecutionListener [org.springframework.test.context.jdbc.SqlScriptsTestExecutionListener] due to a missing dependency. Specify custom listener classes or make the default listener classes and their required dependencies available. Offending class: [org/springframework/transaction/interceptor/TransactionAttribute]
17:56:02.415 [Test worker] INFO org.springframework.boot.test.context.SpringBootTestContextBootstrapper - Using TestExecutionListeners: [org.springframework.test.context.web.ServletTestExecutionListener@3d7dd907, org.springframework.test.context.support.DirtiesContextBeforeModesTestExecutionListener@78de1000, org.springframework.test.context.event.ApplicationEventsTestExecutionListener@642381c4, org.springframework.boot.test.mock.mockito.MockitoTestExecutionListener@33b9be71, org.springframework.boot.test.autoconfigure.SpringBootDependencyInjectionTestExecutionListener@60dffce0, org.springframework.test.context.support.DirtiesContextTestExecutionListener@6889beeb, org.springframework.test.context.event.EventPublishingTestExecutionListener@10dc3f9f, org.springframework.boot.test.autoconfigure.restdocs.RestDocsTestExecutionListener@6ee841c3, org.springframework.boot.test.autoconfigure.web.client.MockRestServiceServerResetTestExecutionListener@714f8802, org.springframework.boot.test.autoconfigure.web.servlet.MockMvcPrintOnlyOnFailureTestExecutionListener@54140e26, org.springframework.boot.test.autoconfigure.web.servlet.WebDriverTestExecutionListener@25c5f3fc, org.springframework.boot.test.autoconfigure.webservices.client.MockWebServiceServerTestExecutionListener@90f48de, org.springframework.boot.test.mock.mockito.ResetMocksTestExecutionListener@48dde65]
17:56:02.421 [Test worker] DEBUG org.springframework.test.context.support.AbstractDirtiesContextTestExecutionListener - Before test class: context [DefaultTestContext@7fd6b4be testClass = ConfigServerApplicationTests, testInstance = [null], testMethod = [null], testException = [null], mergedContextConfiguration = [WebMergedContextConfiguration@583b174b testClass = ConfigServerApplicationTests, locations = '{}', classes = '{class com.shopvintage.configserver.ConfigServerApplication}', contextInitializerClasses = '[]', activeProfiles = '{}', propertySourceLocations = '{}', propertySourceProperties = '{org.springframework.boot.test.context.SpringBootTestContextBootstrapper=true}', contextCustomizers = set[org.springframework.boot.test.autoconfigure.actuate.metrics.MetricsExportContextCustomizerFactory$DisableMetricExportContextCustomizer@32f3fa52, org.springframework.boot.test.autoconfigure.properties.PropertyMappingContextCustomizer@0, org.springframework.boot.test.autoconfigure.web.servlet.WebDriverContextCustomizerFactory$Customizer@54b904ac, org.springframework.boot.test.context.filter.ExcludeFilterContextCustomizer@51018693, org.springframework.boot.test.json.DuplicateJsonObjectContextCustomizerFactory$DuplicateJsonObjectContextCustomizer@41e28d63, org.springframework.boot.test.mock.mockito.MockitoContextCustomizer@0, org.springframework.boot.test.web.client.TestRestTemplateContextCustomizer@1facda9a, org.springframework.boot.test.context.SpringBootTestArgs@1, org.springframework.boot.test.context.SpringBootTestWebEnvironment@13c7026a], resourceBasePath = 'src/main/webapp', contextLoader = 'org.springframework.boot.test.context.SpringBootContextLoader', parent = [null]], attributes = map['org.springframework.test.context.web.ServletTestExecutionListener.activateListener' -> true]], class annotated with @DirtiesContext [false] with mode [null].
17:56:02.473 [Test worker] DEBUG org.springframework.test.context.support.TestPropertySourceUtils - Adding inlined properties to environment: {spring.jmx.enabled=false, org.springframework.boot.test.context.SpringBootTestContextBootstrapper=true}

  .   ____          _            __ _ _
 /\\ / ___'_ __ _ _(_)_ __  __ _ \ \ \ \
( ( )\___ | '_ | '_| | '_ \/ _` | \ \ \ \
 \\/  ___)| |_)| | | | | || (_| |  ) ) ) )
  '  |____| .__|_| |_|_| |_\__, | / / / /
 =========|_|==============|___/=/_/_/_/
 :: Spring Boot ::                (v2.4.3)

2021-02-23 17:56:03.013  INFO 68891 --- [    Test worker] c.s.c.ConfigServerApplicationTests       : Starting ConfigServerApplicationTests using Java 13.0.1 on Alfredos-MacBook-Pro.local with PID 68891 (started by alfredobenaute in /Users/alfredobenaute/bootcamp/bootcamp-shopvintage-configserver)
2021-02-23 17:56:03.015  INFO 68891 --- [    Test worker] c.s.c.ConfigServerApplicationTests       : No active profile set, falling back to default profiles: default
2021-02-23 17:56:04.228  INFO 68891 --- [    Test worker] o.s.cloud.context.scope.GenericScope     : BeanFactory id=759a8787-b976-3508-8cd3-bddae01698cf
2021-02-23 17:56:04.948  INFO 68891 --- [    Test worker] o.s.s.concurrent.ThreadPoolTaskExecutor  : Initializing ExecutorService 'applicationTaskExecutor'
2021-02-23 17:56:05.964  INFO 68891 --- [    Test worker] o.s.b.a.e.web.EndpointLinksResolver      : Exposing 2 endpoint(s) beneath base path '/actuator'
2021-02-23 17:56:06.021  INFO 68891 --- [    Test worker] c.s.c.ConfigServerApplicationTests       : Started ConfigServerApplicationTests in 3.537 seconds (JVM running for 4.823)
]]></system-out>
  <system-err><![CDATA[]]></system-err>
</testsuite>
